<?xml version="1.0" encoding="UTF-8"?>
<!-- Generated by org.testng.reporters.JUnitReportReporter -->
<testsuite hostname="HB11536" failures="0" tests="2" name="test.Inculde" time="0.002" errors="0" timestamp="2022-03-16T11:14:58 EDT" skipped="0">
  <testcase classname="test.Inculde" name="login1" time="0.001"/>
  <system-out/>
  <testcase classname="test.Inculde" name="login2" time="0.001"/>
  <system-out/>
</testsuite> <!-- test.Inculde -->
