<?xml version="1.0" encoding="UTF-8"?>
<!-- Generated by org.testng.reporters.JUnitReportReporter -->
<testsuite hostname="HB11536" failures="0" tests="2" name="test.Groups" time="0.001" errors="0" timestamp="2022-03-16T11:14:58 EDT" skipped="0">
  <testcase classname="test.Groups" name="Logout1" time="0.000"/>
  <system-out/>
  <testcase classname="test.Groups" name="logout3" time="0.001"/>
  <system-out/>
</testsuite> <!-- test.Groups -->
