<?xml version="1.0" encoding="UTF-8"?>
<!-- Generated by org.testng.reporters.JUnitReportReporter -->
<testsuite hostname="HB11536" failures="0" tests="5" name="NewTestNG" time="0.013" errors="0" timestamp="2022-03-09T12:59:48 EST" skipped="1">
  <testcase classname="NewTestNG" name="fithname" time="0.012"/>
  <system-out/>
  <testcase classname="NewTestNG" name="forthname" time="0.000"/>
  <system-out/>
  <testcase classname="NewTestNG" name="firstname" time="0.001"/>
  <system-out/>
  <testcase classname="NewTestNG" name="secondname" time="0.000"/>
  <system-out/>
  <testcase classname="NewTestNG" name="thirdname">
    <skipped/>
  </testcase> <!-- thirdname -->
  <system-out/>
</testsuite> <!-- NewTestNG -->
