<?xml version="1.0" encoding="UTF-8"?>
<!-- Generated by org.testng.reporters.JUnitReportReporter -->
<testsuite hostname="HB11536" failures="0" tests="1" name="test.Beforesuite" time="0.001" errors="0" timestamp="2022-03-16T11:14:58 EDT" skipped="0">
  <testcase classname="test.Beforesuite" name="beoreexclude" time="0.001"/>
  <system-out/>
</testsuite> <!-- test.Beforesuite -->
