<?xml version="1.0" encoding="UTF-8"?>
<!-- Generated by org.testng.reporters.JUnitReportReporter -->
<testsuite hostname="HB11536" failures="0" tests="4" name="test.Test2" time="0.003" errors="0" timestamp="2022-03-16T11:14:58 EDT" skipped="0">
  <testcase classname="test.Test2" name="login" time="0.001"/>
  <system-out/>
  <testcase classname="test.Test2" name="logoutlogin" time="0.001"/>
  <system-out/>
  <testcase classname="test.Test2" name="singuplogin" time="0.000"/>
  <system-out/>
  <testcase classname="test.Test2" name="signlogin" time="0.001"/>
  <system-out/>
</testsuite> <!-- test.Test2 -->
