<?xml version="1.0" encoding="UTF-8"?>
<!-- Generated by org.testng.reporters.JUnitReportReporter -->
<testsuite hostname="HB11536" failures="0" tests="5" name="test.NewTestNG" time="0.006" errors="0" timestamp="2022-03-16T11:14:58 EDT" skipped="1">
  <testcase classname="test.NewTestNG" name="fithname" time="0.003"/>
  <system-out/>
  <testcase classname="test.NewTestNG" name="forthname" time="0.001"/>
  <system-out/>
  <testcase classname="test.NewTestNG" name="firstname" time="0.001"/>
  <system-out/>
  <testcase classname="test.NewTestNG" name="secondname" time="0.001"/>
  <system-out/>
  <testcase classname="test.NewTestNG" name="thirdname">
    <skipped/>
  </testcase> <!-- thirdname -->
  <system-out/>
</testsuite> <!-- test.NewTestNG -->
